#
# There is insufficient memory for the Java Runtime Environment to continue.
# Native memory allocation (mmap) failed to map 532676608 bytes for G1 virtual space
# Possible reasons:
#   The system is out of physical RAM or swap space
#   The process is running with CompressedOops enabled, and the Java Heap may be blocking the growth of the native heap
# Possible solutions:
#   Reduce memory load on the system
#   Increase physical memory or swap space
#   Check if swap backing store is full
#   Decrease Java heap size (-Xmx/-Xms)
#   Decrease number of Java threads
#   Decrease Java thread stack sizes (-Xss)
#   Set larger code cache with -XX:ReservedCodeCacheSize=
#   JVM is running with Zero Based Compressed Oops mode in which the Java heap is
#     placed in the first 32GB address space. The Java Heap base address is the
#     maximum limit for the native heap growth. Please use -XX:HeapBaseMinAddress
#     to set the Java Heap base and to place the Java Heap above 32GB virtual address.
# This output file may be truncated or incomplete.
#
#  Out of Memory Error (os_windows.cpp:3600), pid=11944, tid=23372
#
# JRE version:  (21.0+35) (build )
# Java VM: OpenJDK 64-Bit Server VM (21+35-2513, mixed mode, emulated-client, sharing, tiered, compressed oops, compressed class ptrs, g1 gc, windows-amd64)
# No core dump will be written. Minidumps are not enabled by default on client versions of Windows
#

---------------  S U M M A R Y ------------

Command Line: -XX:TieredStopAtLevel=1 -Dspring.output.ansi.enabled=always -Dcom.sun.management.jmxremote -Dspring.jmx.enabled=true -Dspring.liveBeansView.mbeanDomain -Dspring.application.admin.enabled=true -Dmanagement.endpoints.jmx.exposure.include=* -javaagent:C:\Program Files\JetBrains\IntelliJ IDEA 2025.1.3\lib\idea_rt.jar=57747 -Dfile.encoding=UTF-8 -Dsun.stdout.encoding=UTF-8 -Dsun.stderr.encoding=UTF-8 com.tm_back.TmBackApplication

Host: Intel(R) Xeon(R) W-2223 CPU @ 3.60GHz, 8 cores, 31G,  Windows 11 , 64 bit Build 26100 (10.0.26100.5074)
Time: Fri Sep 26 15:07:52 2025  Windows 11 , 64 bit Build 26100 (10.0.26100.5074) elapsed time: 1.222012 seconds (0d 0h 0m 1s)

---------------  T H R E A D  ---------------

Current thread (0x000002b339e969a0):  JavaThread "Unknown thread" [_thread_in_vm, id=23372, stack(0x000000be8ef00000,0x000000be8f000000) (1024K)]

Stack: [0x000000be8ef00000,0x000000be8f000000]
Native frames: (J=compiled Java code, j=interpreted, Vv=VM code, C=native code)
V  [jvm.dll+0x6c8d39]
V  [jvm.dll+0x854091]
V  [jvm.dll+0x85630e]
V  [jvm.dll+0x8569e3]
V  [jvm.dll+0x2809a6]
V  [jvm.dll+0x6c5425]
V  [jvm.dll+0x6b9e1a]
V  [jvm.dll+0x3555ba]
V  [jvm.dll+0x35d206]
V  [jvm.dll+0x3adf6e]
V  [jvm.dll+0x3ae218]
V  [jvm.dll+0x328fcc]
V  [jvm.dll+0x329b5b]
V  [jvm.dll+0x81c699]
V  [jvm.dll+0x3bb2a1]
V  [jvm.dll+0x805688]
V  [jvm.dll+0x44ed9e]
V  [jvm.dll+0x4506a1]
C  [jli.dll+0x52a3]
C  [ucrtbase.dll+0x37b0]
C  [KERNEL32.DLL+0x2e8d7]
C  [ntdll.dll+0x8d9c]


---------------  P R O C E S S  ---------------

Threads class SMR info:
_java_thread_list=0x00007ffaf7347b48, length=0, elements={
}

Java Threads: ( => current thread )
Total: 0

Other Threads:
  0x000002b351670780 WorkerThread "GC Thread#0"                     [id=28584, stack(0x000000be8f000000,0x000000be8f100000) (1024K)]
  0x000002b33c2489e0 ConcurrentGCThread "G1 Main Marker"            [id=336, stack(0x000000be8f100000,0x000000be8f200000) (1024K)]
  0x000002b33c249b90 WorkerThread "G1 Conc#0"                       [id=7924, stack(0x000000be8f200000,0x000000be8f300000) (1024K)]

[error occurred during error reporting (printing all threads), id 0xc0000005, EXCEPTION_ACCESS_VIOLATION (0xc0000005) at pc=0x00007ffaf6abc097]
VM state: not at safepoint (not fully initialized)

VM Mutex/Monitor currently owned by a thread:  ([mutex/lock_event])
[0x00007ffaf73b8648] Heap_lock - owner thread: 0x000002b339e969a0

Heap address: 0x0000000604c00000, size: 8116 MB, Compressed Oops mode: Zero based, Oop shift amount: 3

CDS archive(s) mapped at: [0x0000000000000000-0x0000000000000000-0x0000000000000000), size 0, SharedBaseAddress: 0x0000000800000000, ArchiveRelocationMode: 1.
Narrow klass base: 0x0000000000000000, Narrow klass shift: 0, Narrow klass range: 0x0

GC Precious Log:
 CardTable entry size: 512
 Card Set container configuration: InlinePtr #cards 4 size 8 Array Of Cards #cards 32 size 80 Howl #buckets 8 coarsen threshold 7372 Howl Bitmap #cards 1024 size 144 coarsen threshold 921 Card regions per heap region 1 cards per card region 8192

Heap:
 garbage-first heap   total 0K, used 0K [0x0000000604c00000, 0x0000000800000000)
  region size 4096K, 0 young (0K), 0 survivors (0K)

[error occurred during error reporting (printing heap information), id 0xc0000005, EXCEPTION_ACCESS_VIOLATION (0xc0000005) at pc=0x00007ffaf6ea1939]
GC Heap History (0 events):
No events

Dll operation events (1 events):
Event: 0.011 Loaded shared library C:\Program Files\Java\jdk-21\bin\java.dll

Deoptimization events (0 events):
No events

Classes loaded (0 events):
No events

Classes unloaded (0 events):
No events

Classes redefined (0 events):
No events

Internal exceptions (0 events):
No events

ZGC Phase Switch (0 events):
No events

VM Operations (0 events):
No events

Events (0 events):
No events


Dynamic libraries:
0x00007ff737170000 - 0x00007ff73717e000 	C:\Program Files\Java\jdk-21\bin\java.exe
0x00007ffb5d320000 - 0x00007ffb5d589000 	C:\WINDOWS\SYSTEM32\ntdll.dll
0x00007ffb5c4b0000 - 0x00007ffb5c579000 	C:\WINDOWS\System32\KERNEL32.DLL
0x00007ffb5ab10000 - 0x00007ffb5af03000 	C:\WINDOWS\System32\KERNELBASE.dll
0x00007ffb5a9c0000 - 0x00007ffb5ab0b000 	C:\WINDOWS\System32\ucrtbase.dll
0x00007ffb28aa0000 - 0x00007ffb28abb000 	C:\Program Files\Java\jdk-21\bin\VCRUNTIME140.dll
0x00007ffb29640000 - 0x00007ffb29658000 	C:\Program Files\Java\jdk-21\bin\jli.dll
0x00007ffb5b280000 - 0x00007ffb5b444000 	C:\WINDOWS\System32\USER32.dll
0x00007ffb5a860000 - 0x00007ffb5a887000 	C:\WINDOWS\System32\win32u.dll
0x00007ffb44290000 - 0x00007ffb44523000 	C:\WINDOWS\WinSxS\amd64_microsoft.windows.common-controls_6595b64144ccf1df_6.0.26100.5074_none_3e0d6f78e32fd63f\COMCTL32.dll
0x00007ffb5c6b0000 - 0x00007ffb5c6db000 	C:\WINDOWS\System32\GDI32.dll
0x00007ffb5cf70000 - 0x00007ffb5d019000 	C:\WINDOWS\System32\msvcrt.dll
0x00007ffb5af10000 - 0x00007ffb5b03d000 	C:\WINDOWS\System32\gdi32full.dll
0x00007ffb5b040000 - 0x00007ffb5b0e3000 	C:\WINDOWS\System32\msvcp_win.dll
0x00007ffb5b650000 - 0x00007ffb5b67f000 	C:\WINDOWS\System32\IMM32.DLL
0x00007ffb3a0a0000 - 0x00007ffb3a0ac000 	C:\Program Files\Java\jdk-21\bin\vcruntime140_1.dll
0x00007ffb16d90000 - 0x00007ffb16e1e000 	C:\Program Files\Java\jdk-21\bin\msvcp140.dll
0x00007ffaf6780000 - 0x00007ffaf7493000 	C:\Program Files\Java\jdk-21\bin\server\jvm.dll
0x00007ffb5b920000 - 0x00007ffb5b9d4000 	C:\WINDOWS\System32\ADVAPI32.dll
0x00007ffb5c770000 - 0x00007ffb5c816000 	C:\WINDOWS\System32\sechost.dll
0x00007ffb5b800000 - 0x00007ffb5b918000 	C:\WINDOWS\System32\RPCRT4.dll
0x00007ffb5c5e0000 - 0x00007ffb5c654000 	C:\WINDOWS\System32\WS2_32.dll
0x00007ffb59ec0000 - 0x00007ffb59f1e000 	C:\WINDOWS\SYSTEM32\POWRPROF.dll
0x00007ffb54390000 - 0x00007ffb5439b000 	C:\WINDOWS\SYSTEM32\VERSION.dll
0x00007ffb4eac0000 - 0x00007ffb4eaf5000 	C:\WINDOWS\SYSTEM32\WINMM.dll
0x00007ffb59ea0000 - 0x00007ffb59eb4000 	C:\WINDOWS\SYSTEM32\UMPDC.dll
0x00007ffb59290000 - 0x00007ffb592ab000 	C:\WINDOWS\SYSTEM32\kernel.appcore.dll
0x00007ffb39d80000 - 0x00007ffb39d8a000 	C:\Program Files\Java\jdk-21\bin\jimage.dll
0x00007ffb459a0000 - 0x00007ffb45be2000 	C:\WINDOWS\SYSTEM32\DBGHELP.DLL
0x00007ffb5ba60000 - 0x00007ffb5bddb000 	C:\WINDOWS\System32\combase.dll
0x00007ffb5b450000 - 0x00007ffb5b527000 	C:\WINDOWS\System32\OLEAUT32.dll
0x00007ffb3ece0000 - 0x00007ffb3ed1d000 	C:\WINDOWS\SYSTEM32\dbgcore.DLL
0x00007ffb5a890000 - 0x00007ffb5a929000 	C:\WINDOWS\System32\bcryptPrimitives.dll
0x00007ffb39cc0000 - 0x00007ffb39ccf000 	C:\Program Files\Java\jdk-21\bin\instrument.dll
0x00007ffb33920000 - 0x00007ffb3393f000 	C:\Program Files\Java\jdk-21\bin\java.dll

dbghelp: loaded successfully - version: 4.0.5 - missing functions: none
symbol engine: initialized successfully - sym options: 0x614 - pdb path: .;C:\Program Files\Java\jdk-21\bin;C:\WINDOWS\SYSTEM32;C:\WINDOWS\WinSxS\amd64_microsoft.windows.common-controls_6595b64144ccf1df_6.0.26100.5074_none_3e0d6f78e32fd63f;C:\Program Files\Java\jdk-21\bin\server

VM Arguments:
jvm_args: -XX:TieredStopAtLevel=1 -Dspring.output.ansi.enabled=always -Dcom.sun.management.jmxremote -Dspring.jmx.enabled=true -Dspring.liveBeansView.mbeanDomain -Dspring.application.admin.enabled=true -Dmanagement.endpoints.jmx.exposure.include=* -javaagent:C:\Program Files\JetBrains\IntelliJ IDEA 2025.1.3\lib\idea_rt.jar=57747 -Dfile.encoding=UTF-8 -Dsun.stdout.encoding=UTF-8 -Dsun.stderr.encoding=UTF-8 
java_command: com.tm_back.TmBackApplication
java_class_path (initial): C:\Travel_Maker\TM_Back\build\classes\java\main;C:\Travel_Maker\TM_Back\build\resources\main;C:\Users\codehows\.gradle\caches\modules-2\files-2.1\org.projectlombok\lombok\1.18.40\398c6d2d7c42c96b65e78d2ddc9be0058c163453\lombok-1.18.40.jar;C:\Users\codehows\.gradle\caches\modules-2\files-2.1\org.springframework.boot\spring-boot-starter-web\3.5.6\83d6174983b3d6649525a272222af212728a9892\spring-boot-starter-web-3.5.6.jar;C:\Users\codehows\.gradle\caches\modules-2\files-2.1\org.springframework.boot\spring-boot-starter-data-jpa\3.5.6\ec77fd4b025ff3401e80be68a8a3dfbe45c7dcfa\spring-boot-starter-data-jpa-3.5.6.jar;C:\Users\codehows\.gradle\caches\modules-2\files-2.1\org.springframework.boot\spring-boot-starter-jdbc\3.5.6\812d2dc9a662d9ab640bea01b383e82d881fc586\spring-boot-starter-jdbc-3.5.6.jar;C:\Users\codehows\.gradle\caches\modules-2\files-2.1\org.springframework.boot\spring-boot-starter-validation\3.5.6\2ec647ae8e16b09a4aee4a17c0e7736f6214aacc\spring-boot-starter-validation-3.5.6.jar;C:\Users\codehows\.gradle\caches\modules-2\files-2.1\org.springframework.boot\spring-boot-starter-security\3.5.6\f784752820b4e59f1e144e6d208d04fa27da9\spring-boot-starter-security-3.5.6.jar;C:\Users\codehows\.gradle\caches\modules-2\files-2.1\com.querydsl\querydsl-jpa\5.1.0\297f05f6d55394ea7b2516094e442ba2367d2f60\querydsl-jpa-5.1.0.jar;C:\Users\codehows\.gradle\caches\modules-2\files-2.1\com.querydsl\querydsl-apt\5.1.0\82c776b68e8fd22f9dea1e61bbf1246257a8e2e1\querydsl-apt-5.1.0.jar;C:\Users\codehows\.gradle\caches\modules-2\files-2.1\org.modelmapper\modelmapper\3.1.0\a3727e6b449dfc9d9052d48185d1eeb029faaf12\modelmapper-3.1.0.jar;C:\Users\codehows\.gradle\caches\modules-2\files-2.1\io.jsonwebtoken\jjwt-api\0.11.5\f742940045619d06383e7df37b21ac422b476cf1\jjwt-api-0.11.5.jar;C:\Users\codehows\.gradle\caches\modules-2\files-2.1\org.springframework.boot\spring-boot-starter-json\3.5.6\62143e29dbac1e72759da7dd85fb8f85a3d582f7\spring-boot-starter-json-3.5.6.jar;C:\Users\codehows\.gradle\caches\modules-2\files-2.1\org.springframework.boot\spring-boot-starter\3.5.6\2a2de314809a7c4c9b7303063c1313e03fe31ad3\spring-boot-starter-3.5.6.jar;C:\Users\codehows\.gradle\caches\modules-2\files-2.1\org.springframework.boot\spring-boot-starter-tomcat\3.5.6\9384211e92c82344e23b00a580cc769724ea9a0c\spring-boot-starter-tomcat-3.5.6.jar;C:\Users\codehows\.gradle\caches\modules-2\files-2.1\org.springframework\spring-webmvc\6.2.11\3313fe95e06c1d3c94d00301cbed56ed1a9d2a86\spring-webmvc-6.2.11.jar;C:\Users\codehows\.gradle\caches\modules-2\files-2.1\org.springframework\spring-web\6.2.11\e590ac3e1aaea2d34a5ccb5c25ad84acbada8468\spring-web-6.2.11.jar;C:\Users\codehows\.gradle\caches\modules-2\files-2.1\org.springframework.data\spring-data-jpa\3.5.4\abd37141d1bd52283aac0d962d6efa1d4d72424b\spring-data-jpa-3.5.4.jar;C:\Users\codehows\.gradle\caches\modules-2\files-2.1\org.hibernate.orm\hibernate-core\6.6.29.Final\d12db68bb867e2fe6e68740b3fba3d1d633f77ff\hibernate-core-6.6.29.Final.jar;C:\Users\codehows\.gradle\caches\modules-2\files-2.1\org.springframework\spring-aspects\6.2.11\e02d582f1595b101c7fa53778e91ddb71d62974e\spring-aspects-6.2.11.jar;C:\Users\codehows\.gradle\caches\modules-2\files-2.1\com.zaxxer\HikariCP\6.3.3\7c5aec1e47a97ff40977e0193018865304ea9585\HikariCP-6.3.3.jar;C:\Users\codehows\.gradle\caches\modules-2\files-2.1\org.springframework\spring-jdbc\6.2.11\8aadfc8bed1630563c65bb5628e2175ecd508998\spring-jdbc-6.2.11.jar;C:\Users\codehows\.gradle\caches\modules-2\files-2.1\org.apache.tomcat.embed\tomcat-embed-el\10.1.46\e1fc6986d030e791415535e28fd21c0be11810de\tomcat-embed-el-10.1.46.jar;C:\Users\codehows\.gradle\caches\modules-2\files-2.1\org.hibernate.validator\hibernate-validator\8.0.3.Final\4425f554297a1c5ba03a3f30e559a9fd91048cf8\hibernate-validator-8.0.3.Final.jar;C:\Users\codehows\.gradle\caches\modules-2\files-2.1\org.springframework.security\spring-security-web\6.5.5\53362443076c948cf1fbdd078802ef58917b5938\spring-security-web-6.5.5.jar;C:\Users\codehows\.gradle\caches\modules-2\files-2.1\org.springframework.security\spring-security-config\6.5.5\e647f8334d2d4578f7b553e705a409017ac37be1\spring-security-config-6.5.5.jar;C:\Users\codehows\.gradle\caches\modules-2\files-2.1\org.springframework\spring-aop\6.2.11\1e970383810700506d646c2fa8943725f123f000\spring-aop-6.2.11.jar;C:\Users\codehows\.gradle\caches\modules-2\files-2.1\com.querydsl\querydsl-core\5.1.0\be322c3fe98de8e7c204afb8860bfabd81a3bafd\querydsl-core-5.1.0.jar;C:\Users\codehows\.gradle\caches\modules-2\files-2.1\com.querydsl\querydsl-codegen\5.1.0\a8504ea51fbc2258543cedab6a37fe6039b2d20a\querydsl-codegen-5.1.0.jar;C:\Users\codehows\.gradle\caches\modules-2\files-2.1\com.fasterxml.jackson.datatype\jackson-datatype-jsr310\2.19.2\72e73f048b36d9df82aef146bf8b2ae63b2e28e2\jackson-datatype-jsr310-2.19.2.jar;C:\Users\codehows\.gradle\caches\modules-2\files-2.1\com.fasterxml.jackson.module\jackson-module-parameter-names\2.19.2\3c4ce467c11364c72ec4967c570fd5a2d1be1d0b\jackson-module-parameter-names-2.19.2.jar;C:\Users\codehows\.gradle\caches\modules-2\files-2.1\com.fasterxml.jackson.datatype\jackson-datatype-jdk8\2.19.2\a720d3946c3a1ab04b780f3b3163d62eee6948a0\jackson-datatype-jdk8-2.19.2.jar;C:\Users\codehows\.gradle\caches\modules-2\files-2.1\com.fasterxml.jackson.core\jackson-databind\2.19.2\46509399d28f57ca32c6bb4b0d4e10e8f062051e\jackson-databind-2.19.2.jar;C:\Users\codehows\.gradle\caches\modules-2\files-2.1\org.springframework.boot\spring-boot-autoconfigure\3.5.6\6b8fc2519774de4e82b0dbb5651093ce2ca20836\spring-boot-autoconfigure-3.5.6.jar;C:\Users\codehows\.gradle\caches\modules-2\files-2.1\org.springframework.boot\spring-boot\3.5.6\a02f486ab700dad1f81e54cb37651d92a3f9d700\spring-boot-3.5.6.jar;C:\Users\codehows\.gradle\caches\modules-2\files-2.1\org.springframework.boot\spring-boot-starter-logging\3.5.6\61717f15cb53d2a0cce6428b29adbdc2ed5f2f25\spring-boot-starter-logging-3.5.6.jar;C:\Users\codehows\.gradle\caches\modules-2\files-2.1\jakarta.annotation\jakarta.annotation-api\2.1.1\48b9bda22b091b1f48b13af03fe36db3be6e1ae3\jakarta.annotation-api-2.1.1.jar;C:\Users\codehows\.gradle\caches\modules-2\files-2.1\org.springframework\spring-core\6.2.11\f4860eb6ea92abb8ae6c5e82e2e7efc395cef8d\spring-core-6.2.11.jar;C:\Users\codehows\.gradle\caches\modules-2\files-2.1\org.yaml\snakeyaml\2.4\e0666b825b796f85521f02360e77f4c92c5a7a07\snakeyaml-2.4.jar;C:\Users\codehows\.gradle\caches\modules-2\files-2.1\org.apache.tomcat.embed\tomcat-embed-websocket\10.1.46\e98da6e2f659ec02062d2c84a07b7262e82d8b74\tomcat-embed-websocket-10.1.46.jar;C:\Users\codehows\.gradle\caches\modules-2\files-2.1\org.apache.tomcat.embed\tomcat-embed-core\10.1.46\64d4eee6e42eb61492a7b84d458327bfb1c1d957\tomcat-embed-core-10.1.46.jar;C:\Users\codehows\.gradle\caches\modules-2\files-2.1\org.springframework\spring-context\6.2.11\bbfb4d55385b2b65ecaf04937d209cf467eaba2f\spring-context-6.2.11.jar;C:\Users\codehows\.gradle\caches\modules-2\files-2.1\org.springframework\spring-beans\6.2.11\8d92eb837b70094d7316f6a07770eefd360bc53c\spring-beans-6.2.11.jar;C:\Users\codehows\.gradle\caches\modules-2\files-2.1\org.springframework\spring-expression\6.2.11\7190c1c69576516efef1a061d956dccf17cb0b86\spring-expression-6.2.11.jar;C:\Users\codehows\.gradle\caches\modules-2\files-2.1\io.micrometer\micrometer-observation\1.15.4\8cd0aed0ff098a7937f2f8f81705840f2d60a432\micrometer-observation-1.15.4.jar;C:\Users\codehows\.gradle\caches\modules-2\files-2.1\org.springframework\spring-orm\6.2.11\d14df2d6ecddd2984ef5590d73c5178d7df25c11\spring-orm-6.2.11.jar;C:\Users\codehows\.gradle\caches\modules-2\files-2.1\org.springframework\spring-tx\6.2.11\f2b8bef65f6682019002c12a628886637e596261\spring-tx-6.2.11.jar;C:\Users\codehows\.gradle\caches\modules-2\files-2.1\org.springframework.data\spring-data-commons\3.5.4\b61f6528cb8b39b471775a4b27f0437f6646f1e6\spring-data-commons-3.5.4.jar;C:\Users\codehows\.gradle\caches\modules-2\files-2.1\org.slf4j\slf4j-api\2.0.17\d9e58ac9c7779ba3bf8142aff6c830617a7fe60f\slf4j-api-2.0.17.jar;C:\Users\codehows\.gradle\caches\modules-2\files-2.1\org.antlr\antlr4-runtime\4.13.0\5a02e48521624faaf5ff4d99afc88b01686af655\antlr4-runtime-4.13.0.jar;C:\Users\codehows\.gradle\caches\modules-2\files-2.1\jakarta.persistence\jakarta.persistence-api\3.1.0\66901fa1c373c6aff65c13791cc11da72060a8d6\jakarta.persistence-api-3.1.0.jar;C:\Users\codehows\.gradle\caches\modules-2\files-2.1\jakarta.transaction\jakarta.transaction-api\2.0.1\51a520e3fae406abb84e2e1148e6746ce3f80a1a\jakarta.transaction-api-2.0.1.jar;C:\Users\codehows\.gradle\caches\modules-2\files-2.1\org.aspectj\aspectjweaver\1.9.24\9b5aeb0cea9f958b9c57fb80e62996e95a3e9379\aspectjweaver-1.9.24.jar;C:\Users\codehows\.gradle\caches\modules-2\files-2.1\jakarta.validation\jakarta.validation-api\3.0.2\92b6631659ba35ca09e44874d3eb936edfeee532\jakarta.validation-api-3.0.2.jar;C:\Users\codehows\.gradle\caches\modules-2\files-2.1\org.jboss.logging\jboss-logging\3.6.1.Final\886afbb445b4016a37c8960a7aef6ebd769ce7e5\jboss-logging-3.6.1.Final.jar;C:\Users\codehows\.gradle\caches\modules-2\files-2.1\com.fasterxml\classmate\1.7.0\e98374da1f2143ac8e6e0a95036994bb19137a3\classmate-1.7.0.jar;C:\Users\codehows\.gradle\caches\modules-2\files-2.1\org.springframework.security\spring-security-core\6.5.5\b4010d71d6b53cae574ba3d5c15629ed782f3318\spring-security-core-6.5.5.jar;C:\Users\codehows\.gradle\caches\modules-2\files-2.1\com.mysema.commons\mysema-commons-lang\0.2.4\d09c8489d54251a6c22fbce804bdd4a070557317\mysema-commons-lang-0.2.4.jar;C:\Users\codehows\.gradle\caches\modules-2\files-2.1\com.querydsl\codegen-utils\5.1.0\ba401554d613760617992eafb6cdba175c811e6f\codegen-utils-5.1.0.jar;C:\Users\codehows\.gradle\caches\modules-2\files-2.1\javax.inject\javax.inject\1\6975da39a7040257bd51d21a231b76c915872d38\javax.inject-1.jar;C:\Users\codehows\.gradle\caches\modules-2\files-2.1\io.github.classgraph\classgraph\4.8.146\360448a09bfa5689d89cfa97fea53b3fdefa9c23\classgraph-4.8.146.jar;C:\Users\codehows\.gradle\caches\modules-2\files-2.1\com.fasterxml.jackson.core\jackson-annotations\2.19.2\c5381f11988ae3d424b197a26087d86067b6d7d\jackson-annotations-2.19.2.jar;C:\Users\codehows\.gradle\caches\modules-2\files-2.1\com.fasterxml.jackson.core\jackson-core\2.19.2\50f3b4bd59b9ff51a0ed493e7b5abaf5c39709bf\jackson-core-2.19.2.jar;C:\Users\codehows\.gradle\caches\modules-2\files-2.1\ch.qos.logback\logback-classic\1.5.18\fc371f3fc97a639de2d67947cffb7518ec5e3d40\logback-classic-1.5.18.jar;C:\Users\codehows\.gradle\caches\modules-2\files-2.1\org.apache.logging.log4j\log4j-to-slf4j\2.24.3\da1143e2a2531ee1c2d90baa98eb50a28a39d5a7\log4j-to-slf4j-2.24.3.jar;C:\Users\codehows\.gradle\caches\modules-2\files-2.1\org.slf4j\jul-to-slf4j\2.0.17\524cb6ccc2b68a57604750e1ab8b13b5a786a6aa\jul-to-slf4j-2.0.17.jar;C:\Users\codehows\.gradle\caches\modules-2\files-2.1\org.springframework\spring-jcl\6.2.11\819fc7e968ac07d4b042be7cfb8d99c267142ac7\spring-jcl-6.2.11.jar;C:\Users\codehows\.gradle\caches\modules-2\files-2.1\io.micrometer\micrometer-commons\1.15.4\f73f10deeee5700b15c2f0f41ae79e2689b39613\micrometer-commons-1.15.4.jar;C:\Users\codehows\.gradle\caches\modules-2\files-2.1\org.springframework.security\spring-security-crypto\6.5.5\83f9ebdd4706d23d697a7012aa946b64b54476f6\spring-security-crypto-6.5.5.jar;C:\Users\codehows\.gradle\caches\modules-2\files-2.1\org.eclipse.jdt\ecj\3.26.0\4837be609a3368a0f7e7cf0dc1bdbc7fe94993de\ecj-3.26.0.jar;C:\Users\codehows\.gradle\caches\modules-2\files-2.1\ch.qos.logback\logback-core\1.5.18\6c0375624f6f36b4e089e2488ba21334a11ef13f\logback-core-1.5.18.jar;C:\Users\codehows\.gradle\caches\modules-2\files-2.1\org.apache.logging.log4j\log4j-api\2.24.3\b02c125db8b6d295adf72ae6e71af5d83bce2370\log4j-api-2.24.3.jar;C:\Users\codehows\.gradle\caches\modules-2\files-2.1\io.jsonwebtoken\jjwt-impl\0.11.5\40a599f0e8a8e4e0701596fbb15e67bfda64fdf0\jjwt-impl-0.11.5.jar;C:\Users\codehows\.gradle\caches\modules-2\files-2.1\io.jsonwebtoken\jjwt-jackson\0.11.5\3b83a06809e98a69402d7333dcf67df6f6ea4579\jjwt-jackson-0.11.5.jar;C:\Users\codehows\.gradle\caches\modules-2\files-2.1\com.mysql\mysql-connector-j\9.4.0\8f6c66269048fbd2316b7b45d75898ebee44986f\mysql-connector-j-9.4.0.jar;C:\Users\codehows\.gradle\caches\modules-2\files-2.1\org.hibernate.common\hibernate-commons-annotations\7.0.3.Final\e183c4be8bb41d12e9f19b374e00c34a0a85f439\hibernate-commons-annotations-7.0.3.Final.jar;C:\Users\codehows\.gradle\caches\modules-2\files-2.1\io.smallrye\jandex\3.2.0\f17ad860f62a08487b9edabde608f8ac55c62fa7\jandex-3.2.0.jar;C:\Users\codehows\.gradle\caches\modules-2\files-2.1\net.bytebuddy\byte-buddy\1.17.7\3856bfab61beb23e099a0d6629f2ba8de4b98ace\byte-buddy-1.17.7.jar;C:\Users\codehows\.gradle\caches\modules-2\files-2.1\org.glassfish.jaxb\jaxb-runtime\4.0.5\ca84c2a7169b5293e232b9d00d1e4e36d4c3914a\jaxb-runtime-4.0.5.jar;C:\Users\codehows\.gradle\caches\modules-2\files-2.1\jakarta.xml.bind\jakarta.xml.bind-api\4.0.2\6cd5a999b834b63238005b7144136379dc36cad2\jakarta.xml.bind-api-4.0.2.jar;C:\Users\codehows\.gradle\caches\modules-2\files-2.1\jakarta.inject\jakarta.inject-api\2.0.1\4c28afe1991a941d7702fe1362c365f0a8641d1e\jakarta.inject-api-2.0.1.jar;C:\Users\codehows\.gradle\caches\modules-2\files-2.1\org.glassfish.jaxb\jaxb-core\4.0.5\7b4b11ea5542eea4ad55e1080b23be436795b3\jaxb-core-4.0.5.jar;C:\Users\codehows\.gradle\caches\modules-2\files-2.1\jakarta.activation\jakarta.activation-api\2.1.4\9e5c2a0d75dde71a0bedc4dbdbe47b78a5dc50f8\jakarta.activation-api-2.1.4.jar;C:\Users\codehows\.gradle\caches\modules-2\files-2.1\org.eclipse.angus\angus-activation\2.0.2\41f1e0ddd157c856926ed149ab837d110955a9fc\angus-activation-2.0.2.jar;C:\Users\codehows\.gradle\caches\modules-2\files-2.1\org.glassfish.jaxb\txw2\4.0.5\f36a4ef12120a9bb06d766d6a0e54b144fd7ed98\txw2-4.0.5.jar;C:\Users\codehows\.gradle\caches\modules-2\files-2.1\com.sun.istack\istack-commons-runtime\4.1.2\18ec117c85f3ba0ac65409136afa8e42bc74e739\istack-commons-runtime-4.1.2.jar
Launcher Type: SUN_STANDARD

[Global flags]
     intx CICompilerCount                          = 4                                         {product} {ergonomic}
     uint ConcGCThreads                            = 2                                         {product} {ergonomic}
     uint G1ConcRefinementThreads                  = 8                                         {product} {ergonomic}
   size_t G1HeapRegionSize                         = 4194304                                   {product} {ergonomic}
    uintx GCDrainStackTargetSize                   = 64                                        {product} {ergonomic}
   size_t InitialHeapSize                          = 532676608                                 {product} {ergonomic}
     bool ManagementServer                         = true                                      {product} {command line}
   size_t MarkStackSize                            = 4194304                                   {product} {ergonomic}
   size_t MaxHeapSize                              = 8510242816                                {product} {ergonomic}
   size_t MinHeapDeltaBytes                        = 4194304                                   {product} {ergonomic}
   size_t MinHeapSize                              = 8388608                                   {product} {ergonomic}
    uintx NonNMethodCodeHeapSize                   = 4096                                   {pd product} {ergonomic}
    uintx NonProfiledCodeHeapSize                  = 0                                      {pd product} {ergonomic}
     bool ProfileInterpreter                       = false                                  {pd product} {command line}
    uintx ProfiledCodeHeapSize                     = 0                                      {pd product} {ergonomic}
   size_t SoftMaxHeapSize                          = 8510242816                             {manageable} {ergonomic}
     intx TieredStopAtLevel                        = 1                                         {product} {command line}
     bool UseCompressedOops                        = true                           {product lp64_product} {ergonomic}
     bool UseG1GC                                  = true                                      {product} {ergonomic}
     bool UseLargePagesIndividualAllocation        = false                                  {pd product} {ergonomic}

Logging:
Log output configuration:
 #0: stdout all=warning uptime,level,tags foldmultilines=false
 #1: stderr all=off uptime,level,tags foldmultilines=false

Environment Variables:
JAVA_HOME=C:\Program Files\java\jdk-21
PATH=C:\Program Files (x86)\VMware\VMware Workstation\bin\;C:\Program Files\java\jdk-21\bin;C:\WINDOWS\system32;C:\WINDOWS;C:\WINDOWS\System32\Wbem;C:\WINDOWS\System32\WindowsPowerShell\v1.0\;C:\WINDOWS\System32\OpenSSH\;C:\Program Files\dotnet\;C:\Program Files (x86)\Intel\Intel(R) Management Engine Components\DAL;C:\Program Files\Intel\Intel(R) Management Engine Components\DAL;C:\Program Files\Bandizip\;C:\Program Files\Git\cmd;C:\Program Files\nodejs\;C:\Program Files\MySQL\MySQL Shell 8.0\bin\;C:\Users\codehows\AppData\Local\Microsoft\WindowsApps;C:\Users\codehows\AppData\Local\Programs\Microsoft VS Code\bin;C:\Program Files\JetBrains\IntelliJ IDEA 2025.1.3\bin;;C:\Users\codehows\AppData\Local\GitHubDesktop\bin;C:\Users\codehows\AppData\Roaming\npm
USERNAME=codehows
OS=Windows_NT
PROCESSOR_IDENTIFIER=Intel64 Family 6 Model 85 Stepping 7, GenuineIntel
TMP=C:\Users\codehows\AppData\Local\Temp
TEMP=C:\Users\codehows\AppData\Local\Temp




---------------  S Y S T E M  ---------------

OS:
 Windows 11 , 64 bit Build 26100 (10.0.26100.5074)
OS uptime: 15 days 0:27 hours

CPU: total 8 (initial active 8) (4 cores per cpu, 2 threads per core) family 6 model 85 stepping 7 microcode 0x5003707, cx8, cmov, fxsr, ht, mmx, 3dnowpref, sse, sse2, sse3, ssse3, sse4.1, sse4.2, popcnt, lzcnt, tsc, tscinvbit, avx, avx2, aes, erms, clmul, bmi1, bmi2, adx, avx512f, avx512dq, avx512cd, avx512bw, avx512vl, fma, vzeroupper, avx512_vnni, clflush, clflushopt, clwb, rdtscp, f16c
Processor Information for all 8 processors :
  Max Mhz: 3600, Current Mhz: 3600, Mhz Limit: 3600

Memory: 4k page, system-wide physical 32451M (4033M free)
TotalPageFile size 93338M (AvailPageFile size 63M)
current process WorkingSet (physical memory assigned to process): 13M, peak: 13M
current process commit charge ("private bytes"): 56M, peak: 563M

vm_info: OpenJDK 64-Bit Server VM (21+35-2513) for windows-amd64 JRE (21+35-2513), built on 2023-08-09T20:25:10Z by "mach5one" with MS VC++ 17.1 (VS2022)

END.
